Build started 5/26/2013 4:50:13 PM.
     1>Project "C:\Users\EMAD\documents\visual studio 2010\Projects\AntColonyOptimization-TSP\AntColonyOptimization-TSP\AntColonyOptimization-TSP.vcxproj" on node 2 (build target(s)).
     1>InitializeBuildStatus:
         Creating "Debug\AntColonyOptimization-TSP.unsuccessfulbuild" because "AlwaysCreate" was specified.
       GenerateTargetFrameworkMonikerAttribute:
       Skipping target "GenerateTargetFrameworkMonikerAttribute" because all output files are up-to-date with respect to the input files.
       ClCompile:
         All outputs are up-to-date.
         C:\Program Files (x86)\Microsoft Visual Studio 10.0\VC\bin\CL.exe /c /AI"C:\Program Files (x86)\Reference Assemblies\Microsoft\Framework\.NETFramework\v4.0" /Zi /clr:pure /nologo /W3 /WX- /Od /Oy- /D WIN32 /D _DEBUG /D _UNICODE /D UNICODE /EHa /MDd /GS /fp:precise /Zc:wchar_t /Zc:forScope /Yu"StdAfx.h" /Fp"Debug\AntColonyOptimization-TSP.pch" /Fo"Debug\\" /Fd"Debug\vc100.pdb" /TP /FU"C:\Program Files (x86)\Reference Assemblies\Microsoft\Framework\.NETFramework\v4.0\System.Core.dll" /FU"C:\Program Files (x86)\Reference Assemblies\Microsoft\Framework\.NETFramework\v4.0\System.Data.dll" /FU"C:\Program Files (x86)\Reference Assemblies\Microsoft\Framework\.NETFramework\v4.0\System.dll" /FU"C:\Program Files (x86)\Reference Assemblies\Microsoft\Framework\.NETFramework\v4.0\System.Drawing.dll" /FU"C:\Program Files (x86)\Reference Assemblies\Microsoft\Framework\.NETFramework\v4.0\System.Windows.Forms.dll" /FU"C:\Program Files (x86)\Reference Assemblies\Microsoft\Framework\.NETFramework\v4.0\System.Xml.dll" /analyze- /errorReport:prompt ant.cpp /clr:nostdlib 
         ant.cpp
         All outputs are up-to-date.
       CoreResGen:
         All outputs are up-to-date.
       ResourceCompile:
         All outputs are up-to-date.
       Link:
         C:\Program Files (x86)\Microsoft Visual Studio 10.0\VC\bin\link.exe /ERRORREPORT:PROMPT /OUT:"C:\Users\EMAD\documents\visual studio 2010\Projects\AntColonyOptimization-TSP\Debug\AntColonyOptimization-TSP.exe" /INCREMENTAL /NOLOGO /ASSEMBLYRESOURCE:Debug\AntColonyOptimizationTSP.Form1.resources /MANIFEST /ManifestFile:"Debug\AntColonyOptimization-TSP.exe.intermediate.manifest" /MANIFESTUAC:"level='asInvoker' uiAccess='false'" /DEBUG /PDB:"C:\Users\EMAD\documents\visual studio 2010\Projects\AntColonyOptimization-TSP\Debug\AntColonyOptimization-TSP.pdb" /ASSEMBLYDEBUG /SUBSYSTEM:WINDOWS /TLBID:1 /ENTRY:"main" /DYNAMICBASE /FIXED:NO /NXCOMPAT /MACHINE:X86 Debug\app.res
         Debug\ant.obj
         "Debug\AntColonyOptimization-TSP.obj"
         Debug\AssemblyInfo.obj
         Debug\city.obj
         Debug\map.obj
         Debug\stdafx.obj
         "Debug\.NETFramework,Version=v4.0.AssemblyAttributes.obj"
         AntColonyOptimization-TSP.vcxproj -> C:\Users\EMAD\documents\visual studio 2010\Projects\AntColonyOptimization-TSP\Debug\AntColonyOptimization-TSP.exe
       Manifest:
         C:\Program Files (x86)\Microsoft SDKs\Windows\v7.0A\bin\mt.exe /nologo /verbose /outputresource:"C:\Users\EMAD\documents\visual studio 2010\Projects\AntColonyOptimization-TSP\Debug\AntColonyOptimization-TSP.exe;#1" /manifest "Debug\AntColonyOptimization-TSP.exe.intermediate.manifest"
       FinalizeBuildStatus:
         Deleting file "Debug\AntColonyOptimization-TSP.unsuccessfulbuild".
         Touching "Debug\AntColonyOptimization-TSP.lastbuildstate".
     1>Done Building Project "C:\Users\EMAD\documents\visual studio 2010\Projects\AntColonyOptimization-TSP\AntColonyOptimization-TSP\AntColonyOptimization-TSP.vcxproj" (build target(s)).

Build succeeded.

Time Elapsed 00:00:11.02
