C:\USERS\EMAD\DOCUMENTS\VISUAL STUDIO 2010\PROJECTS\ANTCOLONYOPTIMIZATION-TSP\ANTCOLONYOPTIMIZATION-TSP\DEBUG\.NETFRAMEWORK,VERSION=V4.0.ASSEMBLYATTRIBUTES.OBJ
C:\USERS\EMAD\DOCUMENTS\VISUAL STUDIO 2010\PROJECTS\ANTCOLONYOPTIMIZATION-TSP\ANTCOLONYOPTIMIZATION-TSP\DEBUG\ANT.OBJ
C:\Users\EMAD\documents\visual studio 2010\Projects\AntColonyOptimization-TSP\AntColonyOptimization-TSP\Debug\AntColonyOptimization-TSP.exe.intermediate.manifest
C:\USERS\EMAD\DOCUMENTS\VISUAL STUDIO 2010\PROJECTS\ANTCOLONYOPTIMIZATION-TSP\ANTCOLONYOPTIMIZATION-TSP\DEBUG\ANTCOLONYOPTIMIZATIONTSP.FORM1.RESOURCES
C:\USERS\EMAD\DOCUMENTS\VISUAL STUDIO 2010\PROJECTS\ANTCOLONYOPTIMIZATION-TSP\ANTCOLONYOPTIMIZATION-TSP\DEBUG\ANTCOLONYOPTIMIZATION-TSP.OBJ
C:\USERS\EMAD\DOCUMENTS\VISUAL STUDIO 2010\PROJECTS\ANTCOLONYOPTIMIZATION-TSP\ANTCOLONYOPTIMIZATION-TSP\DEBUG\ANTCOLONYOPTIMIZATION-TSP.PCH
C:\Users\EMAD\documents\visual studio 2010\Projects\AntColonyOptimization-TSP\AntColonyOptimization-TSP\Debug\AntColonyOptimization-TSP.write.1.tlog
C:\USERS\EMAD\DOCUMENTS\VISUAL STUDIO 2010\PROJECTS\ANTCOLONYOPTIMIZATION-TSP\ANTCOLONYOPTIMIZATION-TSP\DEBUG\APP.RES
C:\USERS\EMAD\DOCUMENTS\VISUAL STUDIO 2010\PROJECTS\ANTCOLONYOPTIMIZATION-TSP\ANTCOLONYOPTIMIZATION-TSP\DEBUG\ASSEMBLYINFO.OBJ
C:\USERS\EMAD\DOCUMENTS\VISUAL STUDIO 2010\PROJECTS\ANTCOLONYOPTIMIZATION-TSP\ANTCOLONYOPTIMIZATION-TSP\DEBUG\CITY.OBJ
C:\Users\EMAD\documents\visual studio 2010\Projects\AntColonyOptimization-TSP\AntColonyOptimization-TSP\Debug\cl.command.1.tlog
C:\Users\EMAD\documents\visual studio 2010\Projects\AntColonyOptimization-TSP\AntColonyOptimization-TSP\Debug\CL.read.1.tlog
C:\Users\EMAD\documents\visual studio 2010\Projects\AntColonyOptimization-TSP\AntColonyOptimization-TSP\Debug\CL.write.1.tlog
C:\Users\EMAD\documents\visual studio 2010\Projects\AntColonyOptimization-TSP\AntColonyOptimization-TSP\Debug\GenerateResource.read.1.tlog
C:\Users\EMAD\documents\visual studio 2010\Projects\AntColonyOptimization-TSP\AntColonyOptimization-TSP\Debug\GenerateResource.read.16.tlog
C:\Users\EMAD\documents\visual studio 2010\Projects\AntColonyOptimization-TSP\AntColonyOptimization-TSP\Debug\GenerateResource.read.22.tlog
C:\Users\EMAD\documents\visual studio 2010\Projects\AntColonyOptimization-TSP\AntColonyOptimization-TSP\Debug\GenerateResource.read.23.tlog
C:\Users\EMAD\documents\visual studio 2010\Projects\AntColonyOptimization-TSP\AntColonyOptimization-TSP\Debug\GenerateResource.read.27.tlog
C:\Users\EMAD\documents\visual studio 2010\Projects\AntColonyOptimization-TSP\AntColonyOptimization-TSP\Debug\GenerateResource.read.7.tlog
C:\Users\EMAD\documents\visual studio 2010\Projects\AntColonyOptimization-TSP\AntColonyOptimization-TSP\Debug\GenerateResource.read.8.tlog
C:\Users\EMAD\documents\visual studio 2010\Projects\AntColonyOptimization-TSP\AntColonyOptimization-TSP\Debug\GenerateResource.read.9.tlog
C:\Users\EMAD\documents\visual studio 2010\Projects\AntColonyOptimization-TSP\AntColonyOptimization-TSP\Debug\GenerateResource.write.1.tlog
C:\Users\EMAD\documents\visual studio 2010\Projects\AntColonyOptimization-TSP\AntColonyOptimization-TSP\Debug\GenerateResource.write.16.tlog
C:\Users\EMAD\documents\visual studio 2010\Projects\AntColonyOptimization-TSP\AntColonyOptimization-TSP\Debug\GenerateResource.write.22.tlog
C:\Users\EMAD\documents\visual studio 2010\Projects\AntColonyOptimization-TSP\AntColonyOptimization-TSP\Debug\GenerateResource.write.23.tlog
C:\Users\EMAD\documents\visual studio 2010\Projects\AntColonyOptimization-TSP\AntColonyOptimization-TSP\Debug\GenerateResource.write.27.tlog
C:\Users\EMAD\documents\visual studio 2010\Projects\AntColonyOptimization-TSP\AntColonyOptimization-TSP\Debug\GenerateResource.write.7.tlog
C:\Users\EMAD\documents\visual studio 2010\Projects\AntColonyOptimization-TSP\AntColonyOptimization-TSP\Debug\GenerateResource.write.8.tlog
C:\Users\EMAD\documents\visual studio 2010\Projects\AntColonyOptimization-TSP\AntColonyOptimization-TSP\Debug\GenerateResource.write.9.tlog
C:\Users\EMAD\documents\visual studio 2010\Projects\AntColonyOptimization-TSP\AntColonyOptimization-TSP\Debug\link.1596.read.1.tlog
C:\Users\EMAD\documents\visual studio 2010\Projects\AntColonyOptimization-TSP\AntColonyOptimization-TSP\Debug\link.1596.write.1.tlog
C:\Users\EMAD\documents\visual studio 2010\Projects\AntColonyOptimization-TSP\AntColonyOptimization-TSP\Debug\link.1596-cvtres.read.1.tlog
C:\Users\EMAD\documents\visual studio 2010\Projects\AntColonyOptimization-TSP\AntColonyOptimization-TSP\Debug\link.1596-cvtres.write.1.tlog
C:\Users\EMAD\documents\visual studio 2010\Projects\AntColonyOptimization-TSP\AntColonyOptimization-TSP\Debug\link.1848.read.1.tlog
C:\Users\EMAD\documents\visual studio 2010\Projects\AntColonyOptimization-TSP\AntColonyOptimization-TSP\Debug\link.1848.write.1.tlog
C:\Users\EMAD\documents\visual studio 2010\Projects\AntColonyOptimization-TSP\AntColonyOptimization-TSP\Debug\link.1848-cvtres.read.1.tlog
C:\Users\EMAD\documents\visual studio 2010\Projects\AntColonyOptimization-TSP\AntColonyOptimization-TSP\Debug\link.1848-cvtres.write.1.tlog
C:\Users\EMAD\documents\visual studio 2010\Projects\AntColonyOptimization-TSP\AntColonyOptimization-TSP\Debug\link.2040.read.1.tlog
C:\Users\EMAD\documents\visual studio 2010\Projects\AntColonyOptimization-TSP\AntColonyOptimization-TSP\Debug\link.2040.write.1.tlog
C:\Users\EMAD\documents\visual studio 2010\Projects\AntColonyOptimization-TSP\AntColonyOptimization-TSP\Debug\link.2040-cvtres.read.1.tlog
C:\Users\EMAD\documents\visual studio 2010\Projects\AntColonyOptimization-TSP\AntColonyOptimization-TSP\Debug\link.2040-cvtres.write.1.tlog
C:\Users\EMAD\documents\visual studio 2010\Projects\AntColonyOptimization-TSP\AntColonyOptimization-TSP\Debug\link.2068.read.1.tlog
C:\Users\EMAD\documents\visual studio 2010\Projects\AntColonyOptimization-TSP\AntColonyOptimization-TSP\Debug\link.2068.write.1.tlog
C:\Users\EMAD\documents\visual studio 2010\Projects\AntColonyOptimization-TSP\AntColonyOptimization-TSP\Debug\link.2068-cvtres.read.1.tlog
C:\Users\EMAD\documents\visual studio 2010\Projects\AntColonyOptimization-TSP\AntColonyOptimization-TSP\Debug\link.2068-cvtres.write.1.tlog
C:\Users\EMAD\documents\visual studio 2010\Projects\AntColonyOptimization-TSP\AntColonyOptimization-TSP\Debug\link.2320.read.1.tlog
C:\Users\EMAD\documents\visual studio 2010\Projects\AntColonyOptimization-TSP\AntColonyOptimization-TSP\Debug\link.2320.write.1.tlog
C:\Users\EMAD\documents\visual studio 2010\Projects\AntColonyOptimization-TSP\AntColonyOptimization-TSP\Debug\link.2320-cvtres.read.1.tlog
C:\Users\EMAD\documents\visual studio 2010\Projects\AntColonyOptimization-TSP\AntColonyOptimization-TSP\Debug\link.2320-cvtres.write.1.tlog
C:\Users\EMAD\documents\visual studio 2010\Projects\AntColonyOptimization-TSP\AntColonyOptimization-TSP\Debug\link.2340.read.1.tlog
C:\Users\EMAD\documents\visual studio 2010\Projects\AntColonyOptimization-TSP\AntColonyOptimization-TSP\Debug\link.2340.write.1.tlog
C:\Users\EMAD\documents\visual studio 2010\Projects\AntColonyOptimization-TSP\AntColonyOptimization-TSP\Debug\link.2340-cvtres.read.1.tlog
C:\Users\EMAD\documents\visual studio 2010\Projects\AntColonyOptimization-TSP\AntColonyOptimization-TSP\Debug\link.2340-cvtres.write.1.tlog
C:\Users\EMAD\documents\visual studio 2010\Projects\AntColonyOptimization-TSP\AntColonyOptimization-TSP\Debug\link.2500.read.1.tlog
C:\Users\EMAD\documents\visual studio 2010\Projects\AntColonyOptimization-TSP\AntColonyOptimization-TSP\Debug\link.2500.write.1.tlog
C:\Users\EMAD\documents\visual studio 2010\Projects\AntColonyOptimization-TSP\AntColonyOptimization-TSP\Debug\link.2500-cvtres.read.1.tlog
C:\Users\EMAD\documents\visual studio 2010\Projects\AntColonyOptimization-TSP\AntColonyOptimization-TSP\Debug\link.2500-cvtres.write.1.tlog
C:\Users\EMAD\documents\visual studio 2010\Projects\AntColonyOptimization-TSP\AntColonyOptimization-TSP\Debug\link.2844.read.1.tlog
C:\Users\EMAD\documents\visual studio 2010\Projects\AntColonyOptimization-TSP\AntColonyOptimization-TSP\Debug\link.2844.write.1.tlog
C:\Users\EMAD\documents\visual studio 2010\Projects\AntColonyOptimization-TSP\AntColonyOptimization-TSP\Debug\link.2844-cvtres.read.1.tlog
C:\Users\EMAD\documents\visual studio 2010\Projects\AntColonyOptimization-TSP\AntColonyOptimization-TSP\Debug\link.2844-cvtres.write.1.tlog
C:\Users\EMAD\documents\visual studio 2010\Projects\AntColonyOptimization-TSP\AntColonyOptimization-TSP\Debug\link.2940.read.1.tlog
C:\Users\EMAD\documents\visual studio 2010\Projects\AntColonyOptimization-TSP\AntColonyOptimization-TSP\Debug\link.2940.write.1.tlog
C:\Users\EMAD\documents\visual studio 2010\Projects\AntColonyOptimization-TSP\AntColonyOptimization-TSP\Debug\link.2940-cvtres.read.1.tlog
C:\Users\EMAD\documents\visual studio 2010\Projects\AntColonyOptimization-TSP\AntColonyOptimization-TSP\Debug\link.2940-cvtres.write.1.tlog
C:\Users\EMAD\documents\visual studio 2010\Projects\AntColonyOptimization-TSP\AntColonyOptimization-TSP\Debug\link.3220.read.1.tlog
C:\Users\EMAD\documents\visual studio 2010\Projects\AntColonyOptimization-TSP\AntColonyOptimization-TSP\Debug\link.3220.write.1.tlog
C:\Users\EMAD\documents\visual studio 2010\Projects\AntColonyOptimization-TSP\AntColonyOptimization-TSP\Debug\link.3220-cvtres.read.1.tlog
C:\Users\EMAD\documents\visual studio 2010\Projects\AntColonyOptimization-TSP\AntColonyOptimization-TSP\Debug\link.3220-cvtres.write.1.tlog
C:\Users\EMAD\documents\visual studio 2010\Projects\AntColonyOptimization-TSP\AntColonyOptimization-TSP\Debug\link.3356.read.1.tlog
C:\Users\EMAD\documents\visual studio 2010\Projects\AntColonyOptimization-TSP\AntColonyOptimization-TSP\Debug\link.3356.write.1.tlog
C:\Users\EMAD\documents\visual studio 2010\Projects\AntColonyOptimization-TSP\AntColonyOptimization-TSP\Debug\link.3356-cvtres.read.1.tlog
C:\Users\EMAD\documents\visual studio 2010\Projects\AntColonyOptimization-TSP\AntColonyOptimization-TSP\Debug\link.3356-cvtres.write.1.tlog
C:\Users\EMAD\documents\visual studio 2010\Projects\AntColonyOptimization-TSP\AntColonyOptimization-TSP\Debug\link.3400.read.1.tlog
C:\Users\EMAD\documents\visual studio 2010\Projects\AntColonyOptimization-TSP\AntColonyOptimization-TSP\Debug\link.3400.write.1.tlog
C:\Users\EMAD\documents\visual studio 2010\Projects\AntColonyOptimization-TSP\AntColonyOptimization-TSP\Debug\link.3400-cvtres.read.1.tlog
C:\Users\EMAD\documents\visual studio 2010\Projects\AntColonyOptimization-TSP\AntColonyOptimization-TSP\Debug\link.3400-cvtres.write.1.tlog
C:\Users\EMAD\documents\visual studio 2010\Projects\AntColonyOptimization-TSP\AntColonyOptimization-TSP\Debug\link.3436.read.1.tlog
C:\Users\EMAD\documents\visual studio 2010\Projects\AntColonyOptimization-TSP\AntColonyOptimization-TSP\Debug\link.3436.write.1.tlog
C:\Users\EMAD\documents\visual studio 2010\Projects\AntColonyOptimization-TSP\AntColonyOptimization-TSP\Debug\link.3436-cvtres.read.1.tlog
C:\Users\EMAD\documents\visual studio 2010\Projects\AntColonyOptimization-TSP\AntColonyOptimization-TSP\Debug\link.3436-cvtres.write.1.tlog
C:\Users\EMAD\documents\visual studio 2010\Projects\AntColonyOptimization-TSP\AntColonyOptimization-TSP\Debug\link.3728.read.1.tlog
C:\Users\EMAD\documents\visual studio 2010\Projects\AntColonyOptimization-TSP\AntColonyOptimization-TSP\Debug\link.3728.write.1.tlog
C:\Users\EMAD\documents\visual studio 2010\Projects\AntColonyOptimization-TSP\AntColonyOptimization-TSP\Debug\link.3728-cvtres.read.1.tlog
C:\Users\EMAD\documents\visual studio 2010\Projects\AntColonyOptimization-TSP\AntColonyOptimization-TSP\Debug\link.3728-cvtres.write.1.tlog
C:\Users\EMAD\documents\visual studio 2010\Projects\AntColonyOptimization-TSP\AntColonyOptimization-TSP\Debug\link.4028.read.1.tlog
C:\Users\EMAD\documents\visual studio 2010\Projects\AntColonyOptimization-TSP\AntColonyOptimization-TSP\Debug\link.4028.write.1.tlog
C:\Users\EMAD\documents\visual studio 2010\Projects\AntColonyOptimization-TSP\AntColonyOptimization-TSP\Debug\link.4028-cvtres.read.1.tlog
C:\Users\EMAD\documents\visual studio 2010\Projects\AntColonyOptimization-TSP\AntColonyOptimization-TSP\Debug\link.4028-cvtres.write.1.tlog
C:\Users\EMAD\documents\visual studio 2010\Projects\AntColonyOptimization-TSP\AntColonyOptimization-TSP\Debug\link.4072.read.1.tlog
C:\Users\EMAD\documents\visual studio 2010\Projects\AntColonyOptimization-TSP\AntColonyOptimization-TSP\Debug\link.4072.write.1.tlog
C:\Users\EMAD\documents\visual studio 2010\Projects\AntColonyOptimization-TSP\AntColonyOptimization-TSP\Debug\link.4072-cvtres.read.1.tlog
C:\Users\EMAD\documents\visual studio 2010\Projects\AntColonyOptimization-TSP\AntColonyOptimization-TSP\Debug\link.4072-cvtres.write.1.tlog
C:\Users\EMAD\documents\visual studio 2010\Projects\AntColonyOptimization-TSP\AntColonyOptimization-TSP\Debug\link.4288.read.1.tlog
C:\Users\EMAD\documents\visual studio 2010\Projects\AntColonyOptimization-TSP\AntColonyOptimization-TSP\Debug\link.4288.write.1.tlog
C:\Users\EMAD\documents\visual studio 2010\Projects\AntColonyOptimization-TSP\AntColonyOptimization-TSP\Debug\link.4288-cvtres.read.1.tlog
C:\Users\EMAD\documents\visual studio 2010\Projects\AntColonyOptimization-TSP\AntColonyOptimization-TSP\Debug\link.4288-cvtres.write.1.tlog
C:\Users\EMAD\documents\visual studio 2010\Projects\AntColonyOptimization-TSP\AntColonyOptimization-TSP\Debug\link.4696.read.1.tlog
C:\Users\EMAD\documents\visual studio 2010\Projects\AntColonyOptimization-TSP\AntColonyOptimization-TSP\Debug\link.4696.write.1.tlog
C:\Users\EMAD\documents\visual studio 2010\Projects\AntColonyOptimization-TSP\AntColonyOptimization-TSP\Debug\link.4696-cvtres.read.1.tlog
C:\Users\EMAD\documents\visual studio 2010\Projects\AntColonyOptimization-TSP\AntColonyOptimization-TSP\Debug\link.4696-cvtres.write.1.tlog
C:\Users\EMAD\documents\visual studio 2010\Projects\AntColonyOptimization-TSP\AntColonyOptimization-TSP\Debug\link.4808.read.1.tlog
C:\Users\EMAD\documents\visual studio 2010\Projects\AntColonyOptimization-TSP\AntColonyOptimization-TSP\Debug\link.4808.write.1.tlog
C:\Users\EMAD\documents\visual studio 2010\Projects\AntColonyOptimization-TSP\AntColonyOptimization-TSP\Debug\link.4808-cvtres.read.1.tlog
C:\Users\EMAD\documents\visual studio 2010\Projects\AntColonyOptimization-TSP\AntColonyOptimization-TSP\Debug\link.4808-cvtres.write.1.tlog
C:\Users\EMAD\documents\visual studio 2010\Projects\AntColonyOptimization-TSP\AntColonyOptimization-TSP\Debug\link.4884.read.1.tlog
C:\Users\EMAD\documents\visual studio 2010\Projects\AntColonyOptimization-TSP\AntColonyOptimization-TSP\Debug\link.4884.write.1.tlog
C:\Users\EMAD\documents\visual studio 2010\Projects\AntColonyOptimization-TSP\AntColonyOptimization-TSP\Debug\link.4884-cvtres.read.1.tlog
C:\Users\EMAD\documents\visual studio 2010\Projects\AntColonyOptimization-TSP\AntColonyOptimization-TSP\Debug\link.4884-cvtres.write.1.tlog
C:\Users\EMAD\documents\visual studio 2010\Projects\AntColonyOptimization-TSP\AntColonyOptimization-TSP\Debug\link.4900.read.1.tlog
C:\Users\EMAD\documents\visual studio 2010\Projects\AntColonyOptimization-TSP\AntColonyOptimization-TSP\Debug\link.4900.write.1.tlog
C:\Users\EMAD\documents\visual studio 2010\Projects\AntColonyOptimization-TSP\AntColonyOptimization-TSP\Debug\link.4900-cvtres.read.1.tlog
C:\Users\EMAD\documents\visual studio 2010\Projects\AntColonyOptimization-TSP\AntColonyOptimization-TSP\Debug\link.4900-cvtres.write.1.tlog
C:\Users\EMAD\documents\visual studio 2010\Projects\AntColonyOptimization-TSP\AntColonyOptimization-TSP\Debug\link.5104.read.1.tlog
C:\Users\EMAD\documents\visual studio 2010\Projects\AntColonyOptimization-TSP\AntColonyOptimization-TSP\Debug\link.5104.write.1.tlog
C:\Users\EMAD\documents\visual studio 2010\Projects\AntColonyOptimization-TSP\AntColonyOptimization-TSP\Debug\link.5104-cvtres.read.1.tlog
C:\Users\EMAD\documents\visual studio 2010\Projects\AntColonyOptimization-TSP\AntColonyOptimization-TSP\Debug\link.5104-cvtres.write.1.tlog
C:\Users\EMAD\documents\visual studio 2010\Projects\AntColonyOptimization-TSP\AntColonyOptimization-TSP\Debug\link.5184.read.1.tlog
C:\Users\EMAD\documents\visual studio 2010\Projects\AntColonyOptimization-TSP\AntColonyOptimization-TSP\Debug\link.5184.write.1.tlog
C:\Users\EMAD\documents\visual studio 2010\Projects\AntColonyOptimization-TSP\AntColonyOptimization-TSP\Debug\link.5184-cvtres.read.1.tlog
C:\Users\EMAD\documents\visual studio 2010\Projects\AntColonyOptimization-TSP\AntColonyOptimization-TSP\Debug\link.5184-cvtres.write.1.tlog
C:\Users\EMAD\documents\visual studio 2010\Projects\AntColonyOptimization-TSP\AntColonyOptimization-TSP\Debug\link.5444.read.1.tlog
C:\Users\EMAD\documents\visual studio 2010\Projects\AntColonyOptimization-TSP\AntColonyOptimization-TSP\Debug\link.5444.write.1.tlog
C:\Users\EMAD\documents\visual studio 2010\Projects\AntColonyOptimization-TSP\AntColonyOptimization-TSP\Debug\link.5444-cvtres.read.1.tlog
C:\Users\EMAD\documents\visual studio 2010\Projects\AntColonyOptimization-TSP\AntColonyOptimization-TSP\Debug\link.5444-cvtres.write.1.tlog
C:\Users\EMAD\documents\visual studio 2010\Projects\AntColonyOptimization-TSP\AntColonyOptimization-TSP\Debug\link.5840.read.1.tlog
C:\Users\EMAD\documents\visual studio 2010\Projects\AntColonyOptimization-TSP\AntColonyOptimization-TSP\Debug\link.5840.write.1.tlog
C:\Users\EMAD\documents\visual studio 2010\Projects\AntColonyOptimization-TSP\AntColonyOptimization-TSP\Debug\link.5840-cvtres.read.1.tlog
C:\Users\EMAD\documents\visual studio 2010\Projects\AntColonyOptimization-TSP\AntColonyOptimization-TSP\Debug\link.5840-cvtres.write.1.tlog
C:\Users\EMAD\documents\visual studio 2010\Projects\AntColonyOptimization-TSP\AntColonyOptimization-TSP\Debug\link.5856.read.1.tlog
C:\Users\EMAD\documents\visual studio 2010\Projects\AntColonyOptimization-TSP\AntColonyOptimization-TSP\Debug\link.5856.write.1.tlog
C:\Users\EMAD\documents\visual studio 2010\Projects\AntColonyOptimization-TSP\AntColonyOptimization-TSP\Debug\link.5856-cvtres.read.1.tlog
C:\Users\EMAD\documents\visual studio 2010\Projects\AntColonyOptimization-TSP\AntColonyOptimization-TSP\Debug\link.5856-cvtres.write.1.tlog
C:\Users\EMAD\documents\visual studio 2010\Projects\AntColonyOptimization-TSP\AntColonyOptimization-TSP\Debug\link.5880.read.1.tlog
C:\Users\EMAD\documents\visual studio 2010\Projects\AntColonyOptimization-TSP\AntColonyOptimization-TSP\Debug\link.5880.write.1.tlog
C:\Users\EMAD\documents\visual studio 2010\Projects\AntColonyOptimization-TSP\AntColonyOptimization-TSP\Debug\link.5880-cvtres.read.1.tlog
C:\Users\EMAD\documents\visual studio 2010\Projects\AntColonyOptimization-TSP\AntColonyOptimization-TSP\Debug\link.5880-cvtres.write.1.tlog
C:\Users\EMAD\documents\visual studio 2010\Projects\AntColonyOptimization-TSP\AntColonyOptimization-TSP\Debug\link.6152.read.1.tlog
C:\Users\EMAD\documents\visual studio 2010\Projects\AntColonyOptimization-TSP\AntColonyOptimization-TSP\Debug\link.6152.write.1.tlog
C:\Users\EMAD\documents\visual studio 2010\Projects\AntColonyOptimization-TSP\AntColonyOptimization-TSP\Debug\link.6152-cvtres.read.1.tlog
C:\Users\EMAD\documents\visual studio 2010\Projects\AntColonyOptimization-TSP\AntColonyOptimization-TSP\Debug\link.6152-cvtres.write.1.tlog
C:\Users\EMAD\documents\visual studio 2010\Projects\AntColonyOptimization-TSP\AntColonyOptimization-TSP\Debug\link.6220.read.1.tlog
C:\Users\EMAD\documents\visual studio 2010\Projects\AntColonyOptimization-TSP\AntColonyOptimization-TSP\Debug\link.6220.write.1.tlog
C:\Users\EMAD\documents\visual studio 2010\Projects\AntColonyOptimization-TSP\AntColonyOptimization-TSP\Debug\link.6220-cvtres.read.1.tlog
C:\Users\EMAD\documents\visual studio 2010\Projects\AntColonyOptimization-TSP\AntColonyOptimization-TSP\Debug\link.6220-cvtres.write.1.tlog
C:\Users\EMAD\documents\visual studio 2010\Projects\AntColonyOptimization-TSP\AntColonyOptimization-TSP\Debug\link.6268.read.1.tlog
C:\Users\EMAD\documents\visual studio 2010\Projects\AntColonyOptimization-TSP\AntColonyOptimization-TSP\Debug\link.6268.write.1.tlog
C:\Users\EMAD\documents\visual studio 2010\Projects\AntColonyOptimization-TSP\AntColonyOptimization-TSP\Debug\link.6268-cvtres.read.1.tlog
C:\Users\EMAD\documents\visual studio 2010\Projects\AntColonyOptimization-TSP\AntColonyOptimization-TSP\Debug\link.6268-cvtres.write.1.tlog
C:\Users\EMAD\documents\visual studio 2010\Projects\AntColonyOptimization-TSP\AntColonyOptimization-TSP\Debug\link.6344.read.1.tlog
C:\Users\EMAD\documents\visual studio 2010\Projects\AntColonyOptimization-TSP\AntColonyOptimization-TSP\Debug\link.6344.write.1.tlog
C:\Users\EMAD\documents\visual studio 2010\Projects\AntColonyOptimization-TSP\AntColonyOptimization-TSP\Debug\link.6344-cvtres.read.1.tlog
C:\Users\EMAD\documents\visual studio 2010\Projects\AntColonyOptimization-TSP\AntColonyOptimization-TSP\Debug\link.6344-cvtres.write.1.tlog
C:\Users\EMAD\documents\visual studio 2010\Projects\AntColonyOptimization-TSP\AntColonyOptimization-TSP\Debug\link.6380.read.1.tlog
C:\Users\EMAD\documents\visual studio 2010\Projects\AntColonyOptimization-TSP\AntColonyOptimization-TSP\Debug\link.6380.write.1.tlog
C:\Users\EMAD\documents\visual studio 2010\Projects\AntColonyOptimization-TSP\AntColonyOptimization-TSP\Debug\link.6380-cvtres.read.1.tlog
C:\Users\EMAD\documents\visual studio 2010\Projects\AntColonyOptimization-TSP\AntColonyOptimization-TSP\Debug\link.6380-cvtres.write.1.tlog
C:\Users\EMAD\documents\visual studio 2010\Projects\AntColonyOptimization-TSP\AntColonyOptimization-TSP\Debug\link.6428.read.1.tlog
C:\Users\EMAD\documents\visual studio 2010\Projects\AntColonyOptimization-TSP\AntColonyOptimization-TSP\Debug\link.6428.write.1.tlog
C:\Users\EMAD\documents\visual studio 2010\Projects\AntColonyOptimization-TSP\AntColonyOptimization-TSP\Debug\link.6428-cvtres.read.1.tlog
C:\Users\EMAD\documents\visual studio 2010\Projects\AntColonyOptimization-TSP\AntColonyOptimization-TSP\Debug\link.6428-cvtres.write.1.tlog
C:\Users\EMAD\documents\visual studio 2010\Projects\AntColonyOptimization-TSP\AntColonyOptimization-TSP\Debug\link.6432.read.1.tlog
C:\Users\EMAD\documents\visual studio 2010\Projects\AntColonyOptimization-TSP\AntColonyOptimization-TSP\Debug\link.6432.write.1.tlog
C:\Users\EMAD\documents\visual studio 2010\Projects\AntColonyOptimization-TSP\AntColonyOptimization-TSP\Debug\link.6432-cvtres.read.1.tlog
C:\Users\EMAD\documents\visual studio 2010\Projects\AntColonyOptimization-TSP\AntColonyOptimization-TSP\Debug\link.6432-cvtres.write.1.tlog
C:\Users\EMAD\documents\visual studio 2010\Projects\AntColonyOptimization-TSP\AntColonyOptimization-TSP\Debug\link.6520.read.1.tlog
C:\Users\EMAD\documents\visual studio 2010\Projects\AntColonyOptimization-TSP\AntColonyOptimization-TSP\Debug\link.6520.write.1.tlog
C:\Users\EMAD\documents\visual studio 2010\Projects\AntColonyOptimization-TSP\AntColonyOptimization-TSP\Debug\link.6520-cvtres.read.1.tlog
C:\Users\EMAD\documents\visual studio 2010\Projects\AntColonyOptimization-TSP\AntColonyOptimization-TSP\Debug\link.6520-cvtres.write.1.tlog
C:\Users\EMAD\documents\visual studio 2010\Projects\AntColonyOptimization-TSP\AntColonyOptimization-TSP\Debug\link.6576.read.1.tlog
C:\Users\EMAD\documents\visual studio 2010\Projects\AntColonyOptimization-TSP\AntColonyOptimization-TSP\Debug\link.6576.write.1.tlog
C:\Users\EMAD\documents\visual studio 2010\Projects\AntColonyOptimization-TSP\AntColonyOptimization-TSP\Debug\link.6576-cvtres.read.1.tlog
C:\Users\EMAD\documents\visual studio 2010\Projects\AntColonyOptimization-TSP\AntColonyOptimization-TSP\Debug\link.6576-cvtres.write.1.tlog
C:\Users\EMAD\documents\visual studio 2010\Projects\AntColonyOptimization-TSP\AntColonyOptimization-TSP\Debug\link.6584.read.1.tlog
C:\Users\EMAD\documents\visual studio 2010\Projects\AntColonyOptimization-TSP\AntColonyOptimization-TSP\Debug\link.6584.write.1.tlog
C:\Users\EMAD\documents\visual studio 2010\Projects\AntColonyOptimization-TSP\AntColonyOptimization-TSP\Debug\link.6584-cvtres.read.1.tlog
C:\Users\EMAD\documents\visual studio 2010\Projects\AntColonyOptimization-TSP\AntColonyOptimization-TSP\Debug\link.6584-cvtres.write.1.tlog
C:\Users\EMAD\documents\visual studio 2010\Projects\AntColonyOptimization-TSP\AntColonyOptimization-TSP\Debug\link.6792.read.1.tlog
C:\Users\EMAD\documents\visual studio 2010\Projects\AntColonyOptimization-TSP\AntColonyOptimization-TSP\Debug\link.6792.write.1.tlog
C:\Users\EMAD\documents\visual studio 2010\Projects\AntColonyOptimization-TSP\AntColonyOptimization-TSP\Debug\link.6792-cvtres.read.1.tlog
C:\Users\EMAD\documents\visual studio 2010\Projects\AntColonyOptimization-TSP\AntColonyOptimization-TSP\Debug\link.6792-cvtres.write.1.tlog
C:\Users\EMAD\documents\visual studio 2010\Projects\AntColonyOptimization-TSP\AntColonyOptimization-TSP\Debug\link.6808.read.1.tlog
C:\Users\EMAD\documents\visual studio 2010\Projects\AntColonyOptimization-TSP\AntColonyOptimization-TSP\Debug\link.6808.write.1.tlog
C:\Users\EMAD\documents\visual studio 2010\Projects\AntColonyOptimization-TSP\AntColonyOptimization-TSP\Debug\link.6808-cvtres.read.1.tlog
C:\Users\EMAD\documents\visual studio 2010\Projects\AntColonyOptimization-TSP\AntColonyOptimization-TSP\Debug\link.6808-cvtres.write.1.tlog
C:\Users\EMAD\documents\visual studio 2010\Projects\AntColonyOptimization-TSP\AntColonyOptimization-TSP\Debug\link.6828.read.1.tlog
C:\Users\EMAD\documents\visual studio 2010\Projects\AntColonyOptimization-TSP\AntColonyOptimization-TSP\Debug\link.6828.write.1.tlog
C:\Users\EMAD\documents\visual studio 2010\Projects\AntColonyOptimization-TSP\AntColonyOptimization-TSP\Debug\link.6828-cvtres.read.1.tlog
C:\Users\EMAD\documents\visual studio 2010\Projects\AntColonyOptimization-TSP\AntColonyOptimization-TSP\Debug\link.6828-cvtres.write.1.tlog
C:\Users\EMAD\documents\visual studio 2010\Projects\AntColonyOptimization-TSP\AntColonyOptimization-TSP\Debug\link.6836.read.1.tlog
C:\Users\EMAD\documents\visual studio 2010\Projects\AntColonyOptimization-TSP\AntColonyOptimization-TSP\Debug\link.6836.write.1.tlog
C:\Users\EMAD\documents\visual studio 2010\Projects\AntColonyOptimization-TSP\AntColonyOptimization-TSP\Debug\link.6836-cvtres.read.1.tlog
C:\Users\EMAD\documents\visual studio 2010\Projects\AntColonyOptimization-TSP\AntColonyOptimization-TSP\Debug\link.6836-cvtres.write.1.tlog
C:\Users\EMAD\documents\visual studio 2010\Projects\AntColonyOptimization-TSP\AntColonyOptimization-TSP\Debug\link.6852.read.1.tlog
C:\Users\EMAD\documents\visual studio 2010\Projects\AntColonyOptimization-TSP\AntColonyOptimization-TSP\Debug\link.6852.write.1.tlog
C:\Users\EMAD\documents\visual studio 2010\Projects\AntColonyOptimization-TSP\AntColonyOptimization-TSP\Debug\link.6852-cvtres.read.1.tlog
C:\Users\EMAD\documents\visual studio 2010\Projects\AntColonyOptimization-TSP\AntColonyOptimization-TSP\Debug\link.6852-cvtres.write.1.tlog
C:\Users\EMAD\documents\visual studio 2010\Projects\AntColonyOptimization-TSP\AntColonyOptimization-TSP\Debug\link.6940.read.1.tlog
C:\Users\EMAD\documents\visual studio 2010\Projects\AntColonyOptimization-TSP\AntColonyOptimization-TSP\Debug\link.6940.write.1.tlog
C:\Users\EMAD\documents\visual studio 2010\Projects\AntColonyOptimization-TSP\AntColonyOptimization-TSP\Debug\link.6940-cvtres.read.1.tlog
C:\Users\EMAD\documents\visual studio 2010\Projects\AntColonyOptimization-TSP\AntColonyOptimization-TSP\Debug\link.6940-cvtres.write.1.tlog
C:\Users\EMAD\documents\visual studio 2010\Projects\AntColonyOptimization-TSP\AntColonyOptimization-TSP\Debug\link.7000.read.1.tlog
C:\Users\EMAD\documents\visual studio 2010\Projects\AntColonyOptimization-TSP\AntColonyOptimization-TSP\Debug\link.7000.write.1.tlog
C:\Users\EMAD\documents\visual studio 2010\Projects\AntColonyOptimization-TSP\AntColonyOptimization-TSP\Debug\link.7000-cvtres.read.1.tlog
C:\Users\EMAD\documents\visual studio 2010\Projects\AntColonyOptimization-TSP\AntColonyOptimization-TSP\Debug\link.7000-cvtres.write.1.tlog
C:\Users\EMAD\documents\visual studio 2010\Projects\AntColonyOptimization-TSP\AntColonyOptimization-TSP\Debug\link.7020.read.1.tlog
C:\Users\EMAD\documents\visual studio 2010\Projects\AntColonyOptimization-TSP\AntColonyOptimization-TSP\Debug\link.7020.write.1.tlog
C:\Users\EMAD\documents\visual studio 2010\Projects\AntColonyOptimization-TSP\AntColonyOptimization-TSP\Debug\link.7020-cvtres.read.1.tlog
C:\Users\EMAD\documents\visual studio 2010\Projects\AntColonyOptimization-TSP\AntColonyOptimization-TSP\Debug\link.7020-cvtres.write.1.tlog
C:\Users\EMAD\documents\visual studio 2010\Projects\AntColonyOptimization-TSP\AntColonyOptimization-TSP\Debug\link.7096.read.1.tlog
C:\Users\EMAD\documents\visual studio 2010\Projects\AntColonyOptimization-TSP\AntColonyOptimization-TSP\Debug\link.7096.write.1.tlog
C:\Users\EMAD\documents\visual studio 2010\Projects\AntColonyOptimization-TSP\AntColonyOptimization-TSP\Debug\link.7096-cvtres.read.1.tlog
C:\Users\EMAD\documents\visual studio 2010\Projects\AntColonyOptimization-TSP\AntColonyOptimization-TSP\Debug\link.7096-cvtres.write.1.tlog
C:\Users\EMAD\documents\visual studio 2010\Projects\AntColonyOptimization-TSP\AntColonyOptimization-TSP\Debug\link.7108.read.1.tlog
C:\Users\EMAD\documents\visual studio 2010\Projects\AntColonyOptimization-TSP\AntColonyOptimization-TSP\Debug\link.7108.write.1.tlog
C:\Users\EMAD\documents\visual studio 2010\Projects\AntColonyOptimization-TSP\AntColonyOptimization-TSP\Debug\link.7108-cvtres.read.1.tlog
C:\Users\EMAD\documents\visual studio 2010\Projects\AntColonyOptimization-TSP\AntColonyOptimization-TSP\Debug\link.7108-cvtres.write.1.tlog
C:\Users\EMAD\documents\visual studio 2010\Projects\AntColonyOptimization-TSP\AntColonyOptimization-TSP\Debug\link.7152.read.1.tlog
C:\Users\EMAD\documents\visual studio 2010\Projects\AntColonyOptimization-TSP\AntColonyOptimization-TSP\Debug\link.7152.write.1.tlog
C:\Users\EMAD\documents\visual studio 2010\Projects\AntColonyOptimization-TSP\AntColonyOptimization-TSP\Debug\link.7152-cvtres.read.1.tlog
C:\Users\EMAD\documents\visual studio 2010\Projects\AntColonyOptimization-TSP\AntColonyOptimization-TSP\Debug\link.7152-cvtres.write.1.tlog
C:\Users\EMAD\documents\visual studio 2010\Projects\AntColonyOptimization-TSP\AntColonyOptimization-TSP\Debug\link.7264.read.1.tlog
C:\Users\EMAD\documents\visual studio 2010\Projects\AntColonyOptimization-TSP\AntColonyOptimization-TSP\Debug\link.7264.write.1.tlog
C:\Users\EMAD\documents\visual studio 2010\Projects\AntColonyOptimization-TSP\AntColonyOptimization-TSP\Debug\link.7264-cvtres.read.1.tlog
C:\Users\EMAD\documents\visual studio 2010\Projects\AntColonyOptimization-TSP\AntColonyOptimization-TSP\Debug\link.7264-cvtres.write.1.tlog
C:\Users\EMAD\documents\visual studio 2010\Projects\AntColonyOptimization-TSP\AntColonyOptimization-TSP\Debug\link.7692.read.1.tlog
C:\Users\EMAD\documents\visual studio 2010\Projects\AntColonyOptimization-TSP\AntColonyOptimization-TSP\Debug\link.7692.write.1.tlog
C:\Users\EMAD\documents\visual studio 2010\Projects\AntColonyOptimization-TSP\AntColonyOptimization-TSP\Debug\link.7692-cvtres.read.1.tlog
C:\Users\EMAD\documents\visual studio 2010\Projects\AntColonyOptimization-TSP\AntColonyOptimization-TSP\Debug\link.7692-cvtres.write.1.tlog
C:\Users\EMAD\documents\visual studio 2010\Projects\AntColonyOptimization-TSP\AntColonyOptimization-TSP\Debug\link.776.read.1.tlog
C:\Users\EMAD\documents\visual studio 2010\Projects\AntColonyOptimization-TSP\AntColonyOptimization-TSP\Debug\link.776.write.1.tlog
C:\Users\EMAD\documents\visual studio 2010\Projects\AntColonyOptimization-TSP\AntColonyOptimization-TSP\Debug\link.776-cvtres.read.1.tlog
C:\Users\EMAD\documents\visual studio 2010\Projects\AntColonyOptimization-TSP\AntColonyOptimization-TSP\Debug\link.776-cvtres.write.1.tlog
C:\Users\EMAD\documents\visual studio 2010\Projects\AntColonyOptimization-TSP\AntColonyOptimization-TSP\Debug\link.984.read.1.tlog
C:\Users\EMAD\documents\visual studio 2010\Projects\AntColonyOptimization-TSP\AntColonyOptimization-TSP\Debug\link.984.write.1.tlog
C:\Users\EMAD\documents\visual studio 2010\Projects\AntColonyOptimization-TSP\AntColonyOptimization-TSP\Debug\link.984-cvtres.read.1.tlog
C:\Users\EMAD\documents\visual studio 2010\Projects\AntColonyOptimization-TSP\AntColonyOptimization-TSP\Debug\link.984-cvtres.write.1.tlog
C:\Users\EMAD\documents\visual studio 2010\Projects\AntColonyOptimization-TSP\AntColonyOptimization-TSP\Debug\link.command.1.tlog
C:\Users\EMAD\documents\visual studio 2010\Projects\AntColonyOptimization-TSP\AntColonyOptimization-TSP\Debug\link.read.1.tlog
C:\Users\EMAD\documents\visual studio 2010\Projects\AntColonyOptimization-TSP\AntColonyOptimization-TSP\Debug\link.write.1.tlog
C:\USERS\EMAD\DOCUMENTS\VISUAL STUDIO 2010\PROJECTS\ANTCOLONYOPTIMIZATION-TSP\ANTCOLONYOPTIMIZATION-TSP\DEBUG\MAP.OBJ
C:\Users\EMAD\documents\visual studio 2010\Projects\AntColonyOptimization-TSP\AntColonyOptimization-TSP\Debug\mt.command.1.tlog
C:\Users\EMAD\documents\visual studio 2010\Projects\AntColonyOptimization-TSP\AntColonyOptimization-TSP\Debug\mt.read.1.tlog
C:\Users\EMAD\documents\visual studio 2010\Projects\AntColonyOptimization-TSP\AntColonyOptimization-TSP\Debug\mt.write.1.tlog
C:\Users\EMAD\documents\visual studio 2010\Projects\AntColonyOptimization-TSP\AntColonyOptimization-TSP\Debug\rc.command.1.tlog
C:\Users\EMAD\documents\visual studio 2010\Projects\AntColonyOptimization-TSP\AntColonyOptimization-TSP\Debug\rc.read.1.tlog
C:\Users\EMAD\documents\visual studio 2010\Projects\AntColonyOptimization-TSP\AntColonyOptimization-TSP\Debug\rc.write.1.tlog
C:\USERS\EMAD\DOCUMENTS\VISUAL STUDIO 2010\PROJECTS\ANTCOLONYOPTIMIZATION-TSP\ANTCOLONYOPTIMIZATION-TSP\DEBUG\STDAFX.OBJ
C:\USERS\EMAD\DOCUMENTS\VISUAL STUDIO 2010\PROJECTS\ANTCOLONYOPTIMIZATION-TSP\ANTCOLONYOPTIMIZATION-TSP\DEBUG\VC100.PDB
C:\USERS\EMAD\DOCUMENTS\VISUAL STUDIO 2010\PROJECTS\ANTCOLONYOPTIMIZATION-TSP\DEBUG\ANTCOLONYOPTIMIZATION-TSP.EXE
C:\Users\EMAD\documents\visual studio 2010\Projects\AntColonyOptimization-TSP\Debug\AntColonyOptimization-TSP.pdb
